-------------------------------------------------------------------------------
Test set: com.etouch.taf.tools.tfsclient.test.VersionControlHandlerTest
-------------------------------------------------------------------------------
Tests run: 1, Failures: 0, Errors: 1, Skipped: 0, Time elapsed: 0.306 sec <<< FAILURE!
test(com.etouch.taf.tools.tfsclient.test.VersionControlHandlerTest)  Time elapsed: 0 sec  <<< ERROR!
java.lang.UnsatisfiedLinkError: com.microsoft.tfs.jni.internal.platformmisc.NativePlatformMisc.nativeGetEnvironmentVariable(Ljava/lang/String;)Ljava/lang/String;
	at com.microsoft.tfs.jni.internal.platformmisc.NativePlatformMisc.nativeGetEnvironmentVariable(Native Method)
	at com.microsoft.tfs.jni.internal.platformmisc.NativePlatformMisc.getEnvironmentVariable(NativePlatformMisc.java:134)
	at com.microsoft.tfs.jni.PlatformMiscUtils.getEnvironmentVariable(PlatformMiscUtils.java:52)
	at com.microsoft.tfs.core.config.httpclient.DefaultHTTPClientFactory.shouldAcceptUntrustedCertificates(DefaultHTTPClientFactory.java:288)
	at com.microsoft.tfs.core.config.httpclient.DefaultHTTPClientFactory.configureClientParams(DefaultHTTPClientFactory.java:324)
	at com.microsoft.tfs.core.config.httpclient.DefaultHTTPClientFactory.newHTTPClient(DefaultHTTPClientFactory.java:137)
	at com.microsoft.tfs.core.TFSConnection.getHTTPClient(TFSConnection.java:1041)
	at com.microsoft.tfs.core.TFSConnection.getWebService(TFSConnection.java:840)
	at com.microsoft.tfs.core.clients.registration.RegistrationClient.<init>(RegistrationClient.java:123)
	at com.microsoft.tfs.core.clients.registration.RegistrationClient.<init>(RegistrationClient.java:97)
	at com.microsoft.tfs.core.config.client.DefaultClientFactory$4.newClient(DefaultClientFactory.java:180)
	at com.microsoft.tfs.core.config.client.DefaultClientFactory.newClient(DefaultClientFactory.java:91)
	at com.microsoft.tfs.core.TFSConnection.getClient(TFSConnection.java:1470)
	at com.microsoft.tfs.core.TFSTeamProjectCollection.getRegistrationClient(TFSTeamProjectCollection.java:348)
	at com.microsoft.tfs.core.clients.build.internal.soapextensions.BuildServer.initialize(BuildServer.java:121)
	at com.microsoft.tfs.core.clients.build.internal.soapextensions.BuildServer.<init>(BuildServer.java:114)
	at com.microsoft.tfs.core.config.client.DefaultClientFactory$10.newClient(DefaultClientFactory.java:295)
	at com.microsoft.tfs.core.config.client.DefaultClientFactory.newClient(DefaultClientFactory.java:91)
	at com.microsoft.tfs.core.TFSConnection.getClient(TFSConnection.java:1470)
	at com.microsoft.tfs.core.TFSTeamProjectCollection.getBuildServer(TFSTeamProjectCollection.java:381)
	at com.etouch.taf.tools.tfsclient.ConsoleConnection.connectToTFS(ConsoleConnection.java:121)
	at com.etouch.taf.tools.tfsclient.VersionControlHandler.getTFSTeamProjectCollection(VersionControlHandler.java:102)
	at com.etouch.taf.tools.tfsclient.VersionControlHandler.cloneProjectFromTFS(VersionControlHandler.java:56)
	at com.etouch.taf.tools.tfsclient.test.VersionControlHandlerTest.test(VersionControlHandlerTest.java:39)
	at sun.reflect.NativeMethodAccessorImpl.invoke0(Native Method)
	at sun.reflect.NativeMethodAccessorImpl.invoke(NativeMethodAccessorImpl.java:57)
	at sun.reflect.DelegatingMethodAccessorImpl.invoke(DelegatingMethodAccessorImpl.java:43)
	at java.lang.reflect.Method.invoke(Method.java:606)
	at org.junit.runners.model.FrameworkMethod$1.runReflectiveCall(FrameworkMethod.java:47)
	at org.junit.internal.runners.model.ReflectiveCallable.run(ReflectiveCallable.java:12)
	at org.junit.runners.model.FrameworkMethod.invokeExplosively(FrameworkMethod.java:44)
	at org.junit.internal.runners.statements.InvokeMethod.evaluate(InvokeMethod.java:17)
	at org.junit.internal.runners.statements.RunBefores.evaluate(RunBefores.java:26)
	at org.junit.runners.ParentRunner.runLeaf(ParentRunner.java:271)
	at org.junit.runners.BlockJUnit4ClassRunner.runChild(BlockJUnit4ClassRunner.java:70)
	at org.junit.runners.BlockJUnit4ClassRunner.runChild(BlockJUnit4ClassRunner.java:50)
	at org.junit.runners.ParentRunner$3.run(ParentRunner.java:238)
	at org.junit.runners.ParentRunner$1.schedule(ParentRunner.java:63)
	at org.junit.runners.ParentRunner.runChildren(ParentRunner.java:236)
	at org.junit.runners.ParentRunner.access$000(ParentRunner.java:53)
	at org.junit.runners.ParentRunner$2.evaluate(ParentRunner.java:229)
	at org.junit.runners.ParentRunner.run(ParentRunner.java:309)
	at org.junit.runners.Suite.runChild(Suite.java:127)
	at org.junit.runners.Suite.runChild(Suite.java:26)
	at org.junit.runners.ParentRunner$3.run(ParentRunner.java:238)
	at org.junit.runners.ParentRunner$1.schedule(ParentRunner.java:63)
	at org.junit.runners.ParentRunner.runChildren(ParentRunner.java:236)
	at org.junit.runners.ParentRunner.access$000(ParentRunner.java:53)
	at org.junit.runners.ParentRunner$2.evaluate(ParentRunner.java:229)
	at org.junit.runners.ParentRunner.run(ParentRunner.java:309)
	at org.junit.runner.JUnitCore.run(JUnitCore.java:160)
	at org.junit.runner.JUnitCore.run(JUnitCore.java:138)
	at org.apache.maven.surefire.junitcore.JUnitCoreWrapper.execute(JUnitCoreWrapper.java:62)
	at org.apache.maven.surefire.junitcore.JUnitCoreProvider.invoke(JUnitCoreProvider.java:139)
	at sun.reflect.NativeMethodAccessorImpl.invoke0(Native Method)
	at sun.reflect.NativeMethodAccessorImpl.invoke(NativeMethodAccessorImpl.java:57)
	at sun.reflect.DelegatingMethodAccessorImpl.invoke(DelegatingMethodAccessorImpl.java:43)
	at java.lang.reflect.Method.invoke(Method.java:606)
	at org.apache.maven.surefire.util.ReflectionUtils.invokeMethodWithArray(ReflectionUtils.java:189)
	at org.apache.maven.surefire.booter.ProviderFactory$ProviderProxy.invoke(ProviderFactory.java:165)
	at org.apache.maven.surefire.booter.ProviderFactory.invokeProvider(ProviderFactory.java:85)
	at org.apache.maven.surefire.booter.ForkedBooter.runSuitesInProcess(ForkedBooter.java:115)
	at org.apache.maven.surefire.booter.ForkedBooter.main(ForkedBooter.java:75)

